<queries>
  <excel db="sampleDB" output="d:/temp/ToC_테스트_2024.xlsx" maxRows="10" style="business">
    <!-- ToC 시트에 쿼리문 표시 테스트 -->
  </excel>
  <vars>
    <var name="startDate">2024-01-01</var>
    <var name="endDate">2024-12-31</var>
  </vars>
  <sheet name="고객_목록" use="true" aggregateColumn="지역">
    <![CDATA[
      SELECT 
        CustomerCode as 고객코드,
        CustomerName as 고객명,
        ContactName as 담당자명,
        City as 도시,
        Region as 지역,
        CustomerType as 고객유형,
        FORMAT(CreditLimit, 'N0') as 신용한도
      FROM SampleDB.dbo.Customers
      WHERE IsActive = 1
      ORDER BY CreditLimit DESC
    ]]>
  </sheet>
  <sheet name="주문_목록" use="true" aggregateColumn="결제방법">
    <![CDATA[
      SELECT 
        OrderNumber as 주문번호,
        FORMAT(OrderDate, 'yyyy-MM-dd') as 주문일,
        OrderStatus as 주문상태,
        PaymentStatus as 결제상태,
        FORMAT(TotalAmount, 'N0') as 총금액,
        PaymentMethod as 결제방법
      FROM SampleDB.dbo.Orders
      WHERE OrderDate >= '${startDate}' AND OrderDate <= '${endDate}'
      ORDER BY OrderDate DESC
    ]]>
  </sheet>
  <sheet name="복잡한_쿼리_테스트" use="true" aggregateColumn="카테고리">
    <![CDATA[
      SELECT 
        p.ProductID as 상품ID,
        p.ProductName as 상품명,
        c.CategoryName as 카테고리,
        FORMAT(p.UnitPrice, 'N0') as 단가,
        p.UnitsInStock as 재고수량,
        p.Discontinued as 단종여부,
        CASE 
          WHEN p.UnitsInStock > 100 THEN '충분'
          WHEN p.UnitsInStock > 50 THEN '보통'
          ELSE '부족'
        END as 재고상태
      FROM SampleDB.dbo.Products p
      INNER JOIN SampleDB.dbo.Categories c ON p.CategoryID = c.CategoryID
      WHERE p.Discontinued = 0
      ORDER BY c.CategoryName, p.ProductName
    ]]>
  </sheet>
</queries>
